F:\2016_03_13谭智勇\GITHUB\MYSTL\MYVECTOR\DEBUG\MYVECTOR.EXE
F:\2016_03_13谭智勇\GITHUB\MYSTL\MYVECTOR\DEBUG\MYVECTOR.ILK
F:\2016_03_13谭智勇\GITHUB\MYSTL\MYVECTOR\DEBUG\MYVECTOR.PDB
F:\2016_03_13谭智勇\github\MySTL\MyVector\MyVector\Debug\cl.command.1.tlog
F:\2016_03_13谭智勇\github\MySTL\MyVector\MyVector\Debug\CL.read.1.tlog
F:\2016_03_13谭智勇\github\MySTL\MyVector\MyVector\Debug\CL.write.1.tlog
F:\2016_03_13谭智勇\github\MySTL\MyVector\MyVector\Debug\link.6948.read.1.tlog
F:\2016_03_13谭智勇\github\MySTL\MyVector\MyVector\Debug\link.6948.write.1.tlog
F:\2016_03_13谭智勇\github\MySTL\MyVector\MyVector\Debug\link.6948-cvtres.read.1.tlog
F:\2016_03_13谭智勇\github\MySTL\MyVector\MyVector\Debug\link.6948-cvtres.write.1.tlog
F:\2016_03_13谭智勇\github\MySTL\MyVector\MyVector\Debug\link.command.1.tlog
F:\2016_03_13谭智勇\github\MySTL\MyVector\MyVector\Debug\link.read.1.tlog
F:\2016_03_13谭智勇\github\MySTL\MyVector\MyVector\Debug\link.write.1.tlog
F:\2016_03_13谭智勇\github\MySTL\MyVector\MyVector\Debug\link-cvtres.read.1.tlog
F:\2016_03_13谭智勇\github\MySTL\MyVector\MyVector\Debug\link-cvtres.write.1.tlog
F:\2016_03_13谭智勇\GITHUB\MYSTL\MYVECTOR\MYVECTOR\DEBUG\MAIN.OBJ
F:\2016_03_13谭智勇\github\MySTL\MyVector\MyVector\Debug\mt.command.1.tlog
F:\2016_03_13谭智勇\github\MySTL\MyVector\MyVector\Debug\mt.read.1.tlog
F:\2016_03_13谭智勇\github\MySTL\MyVector\MyVector\Debug\mt.write.1.tlog
F:\2016_03_13谭智勇\GITHUB\MYSTL\MYVECTOR\MYVECTOR\DEBUG\MYVECTOR.EXE.EMBED.MANIFEST
F:\2016_03_13谭智勇\GITHUB\MYSTL\MYVECTOR\MYVECTOR\DEBUG\MYVECTOR.EXE.EMBED.MANIFEST.RES
F:\2016_03_13谭智勇\GITHUB\MYSTL\MYVECTOR\MYVECTOR\DEBUG\MYVECTOR.EXE.INTERMEDIATE.MANIFEST
F:\2016_03_13谭智勇\github\MySTL\MyVector\MyVector\Debug\MyVector.write.1.tlog
F:\2016_03_13谭智勇\github\MySTL\MyVector\MyVector\Debug\MyVector_manifest.rc
F:\2016_03_13谭智勇\github\MySTL\MyVector\MyVector\Debug\rc.command.1.tlog
F:\2016_03_13谭智勇\github\MySTL\MyVector\MyVector\Debug\rc.read.1.tlog
F:\2016_03_13谭智勇\github\MySTL\MyVector\MyVector\Debug\rc.write.1.tlog
F:\2016_03_13谭智勇\github\MySTL\MyVector\MyVector\Debug\vc100.idb
F:\2016_03_13谭智勇\GITHUB\MYSTL\MYVECTOR\MYVECTOR\DEBUG\VC100.PDB
